#
# A fatal error has been detected by the Java Runtime Environment:
#
#  EXCEPTION_ACCESS_VIOLATION (0xc0000005) at pc=0x0000000063b8e5f5, pid=15612, tid=0x0000000000001b8c
#
# JRE version: OpenJDK Runtime Environment (8.0_202-b03) (build 1.8.0_202-release-1483-b03)
# Java VM: OpenJDK 64-Bit Server VM (25.202-b03 mixed mode windows-amd64 compressed oops)
# Problematic frame:
# V  [jvm.dll+0x39e5f5]
#
# Failed to write core dump. Minidumps are not enabled by default on client versions of Windows
#
# If you would like to submit a bug report, please visit:
#   http://bugreport.java.com/bugreport/crash.jsp
#

---------------  T H R E A D  ---------------

Current thread (0x0000000002e13800):  GCTaskThread [stack: 0x0000000012dc0000,0x0000000012ec0000] [id=7052]

siginfo: ExceptionCode=0xc0000005, ExceptionInformation=0x0000000000000008 0x00000000f7378035

Registers:
RAX=0x000000000000001a, RBX=0x0000000000000002, RCX=0x000000000000000d, RDX=0x0000000018bf05e0
RSP=0x0000000012ebfbf0, RBP=0x0000000012ebfcd0, RSI=0x0000000000000006, RDI=0x0000000002eea3b0
R8 =0x0000000000000000, R9 =0x000000001056e94d, R10=0x0000000000000004, R11=0x00000000fefee620
R12=0x0000000000000004, R13=0x0000000012ebfce8, R14=0x0000000000000000, R15=0x0000000002e14160
RIP=0x0000000063b8e5f5, EFLAGS=0x0000000000010293

Top of Stack: (sp=0x0000000012ebfbf0)
0x0000000012ebfbf0:   00000000fefee620 0000000063bbee01
0x0000000012ebfc00:   00000000fc3adb60 000000000000000a
0x0000000012ebfc10:   000051bc00002286 0000334e00005b36
0x0000000012ebfc20:   00000000fefebfb8 0000334e00005b37
0x0000000012ebfc30:   000051ba00002285 0000334e00005b36
0x0000000012ebfc40:   0000000002e14150 0000000002e10700
0x0000000012ebfc50:   0000000002e14150 0000000002e10700
0x0000000012ebfc60:   0000000002e14150 0000000002e10700
0x0000000012ebfc70:   0000000063e09508 000000002d791e00
0x0000000012ebfc80:   0000000000000006 0000000063bc219d
0x0000000012ebfc90:   000051ba00002285 0000000018bf0c80
0x0000000012ebfca0:   0000000000000000 00000000fefee54d
0x0000000012ebfcb0:   000000002d791e00 0000000000000000
0x0000000012ebfcc0:   0000000000000000 0000000063bb0d9e
0x0000000012ebfcd0:   000000001056e94d 0000000002e13800
0x0000000012ebfce0:   0000000000000000 0000000000000000 

Instructions: (pc=0x0000000063b8e5f5)
0x0000000063b8e5d5:   70 45 33 f6 48 8b f9 8b 49 08 8d 04 09 4d 8b e9
0x0000000063b8e5e5:   49 8b e8 8b f2 45 8b e6 85 c0 0f 84 2a 02 00 00
0x0000000063b8e5f5:   83 f9 02 0f 86 74 01 00 00 66 90 48 8b cd e8 48
0x0000000063b8e605:   7b eb ff 33 d2 f7 77 08 8b da 3b d6 74 ed 8b d6 


Register to memory mapping:

RAX=0x000000000000001a is an unknown value
RBX=0x0000000000000002 is an unknown value
RCX=0x000000000000000d is an unknown value
RDX=0x0000000018bf05e0 is an unknown value
RSP=0x0000000012ebfbf0 is an unknown value
RBP=0x0000000012ebfcd0 is an unknown value
RSI=0x0000000000000006 is an unknown value
RDI=0x0000000002eea3b0 is an unknown value
R8 =0x0000000000000000 is an unknown value
R9 =0x000000001056e94d is an unknown value
R10=0x0000000000000004 is an unknown value
R11=0x00000000fefee620 is an oop
java.lang.reflect.Constructor 
 - klass: 'java/lang/reflect/Constructor'
R12=0x0000000000000004 is an unknown value
R13=0x0000000012ebfce8 is an unknown value
R14=0x0000000000000000 is an unknown value
R15=0x0000000002e14160 is an unknown value


Stack: [0x0000000012dc0000,0x0000000012ec0000],  sp=0x0000000012ebfbf0,  free space=1022k
Native frames: (J=compiled Java code, j=interpreted, Vv=VM code, C=native code)
V  [jvm.dll+0x39e5f5]
V  [jvm.dll+0x3d219d]
V  [jvm.dll+0x3c0d9e]
V  [jvm.dll+0x26f5ba]
C  [msvcr100.dll+0x21d9f]
C  [msvcr100.dll+0x21e3b]
C  [KERNEL32.DLL+0x17034]
C  [ntdll.dll+0x52651]


---------------  P R O C E S S  ---------------

Java Threads: ( => current thread )
  0x0000000027d13000 JavaThread "Cache worker for Java compile cache (C:\Users\mayif\AndroidStudioProjects\StudyTimer\.gradle\5.4.1\javaCompile)" [_thread_blocked, id=16204, stack(0x000000002f870000,0x000000002f970000)]
  0x0000000027d12000 JavaThread "Cache worker for execution history cache (C:\Users\mayif\AndroidStudioProjects\StudyTimer\.gradle\5.4.1\executionHistory)" [_thread_blocked, id=9708, stack(0x000000002f770000,0x000000002f870000)]
  0x0000000027d10800 JavaThread "Execution worker for ':' Thread 15" [_thread_blocked, id=7048, stack(0x000000002f460000,0x000000002f560000)]
  0x0000000027d13800 JavaThread "Execution worker for ':' Thread 14" [_thread_blocked, id=13508, stack(0x000000002e170000,0x000000002e270000)]
  0x0000000027d08800 JavaThread "Execution worker for ':' Thread 13" [_thread_blocked, id=15524, stack(0x000000002cc30000,0x000000002cd30000)]
  0x0000000027d0c000 JavaThread "Execution worker for ':' Thread 12" [_thread_blocked, id=21984, stack(0x000000002c4e0000,0x000000002c5e0000)]
  0x000000002d770000 JavaThread "Execution worker for ':' Thread 11" [_thread_blocked, id=7692, stack(0x000000002c3e0000,0x000000002c4e0000)]
  0x000000002d768800 JavaThread "Execution worker for ':' Thread 10" [_thread_blocked, id=22004, stack(0x000000002c2e0000,0x000000002c3e0000)]
  0x000000002d76f800 JavaThread "Execution worker for ':' Thread 9" [_thread_blocked, id=11616, stack(0x000000002c1e0000,0x000000002c2e0000)]
  0x000000002d76d000 JavaThread "Execution worker for ':' Thread 8" [_thread_blocked, id=13660, stack(0x000000002c0e0000,0x000000002c1e0000)]
  0x000000002d765000 JavaThread "Execution worker for ':' Thread 7" [_thread_blocked, id=13500, stack(0x000000002bfe0000,0x000000002c0e0000)]
  0x000000002d769800 JavaThread "Execution worker for ':' Thread 6" [_thread_blocked, id=18744, stack(0x000000002bc30000,0x000000002bd30000)]
  0x000000002d76b800 JavaThread "Execution worker for ':' Thread 5" [_thread_blocked, id=19244, stack(0x000000002bb30000,0x000000002bc30000)]
  0x000000002d768000 JavaThread "Execution worker for ':' Thread 4" [_thread_blocked, id=3912, stack(0x000000002ba30000,0x000000002bb30000)]
  0x000000002d761000 JavaThread "Execution worker for ':' Thread 3" [_thread_blocked, id=21552, stack(0x000000002b930000,0x000000002ba30000)]
  0x000000002d767000 JavaThread "Execution worker for ':' Thread 2" [_thread_blocked, id=7496, stack(0x0000000028ff0000,0x00000000290f0000)]
  0x000000002d763800 JavaThread "Execution worker for ':'" [_thread_blocked, id=9272, stack(0x0000000028ef0000,0x0000000028ff0000)]
  0x000000002d762800 JavaThread "Cache worker for file content cache (C:\Users\mayif\AndroidStudioProjects\StudyTimer\.gradle\5.4.1\fileContent)" [_thread_blocked, id=16424, stack(0x0000000028a90000,0x0000000028b90000)]
  0x0000000022694800 JavaThread "Cache worker for Build Output Cleanup Cache (C:\Users\mayif\AndroidStudioProjects\StudyTimer\.gradle\buildOutputCleanup)" [_thread_blocked, id=16892, stack(0x0000000028490000,0x0000000028590000)]
  0x0000000022693000 JavaThread "pool-57-thread-1" [_thread_blocked, id=13224, stack(0x0000000026ee0000,0x0000000026fe0000)]
  0x0000000022697000 JavaThread "Build operations Thread 16" [_thread_blocked, id=12868, stack(0x0000000026b40000,0x0000000026c40000)]
  0x0000000022698800 JavaThread "Build operations Thread 15" [_thread_blocked, id=19192, stack(0x0000000026110000,0x0000000026210000)]
  0x0000000022697800 JavaThread "Build operations Thread 14" [_thread_blocked, id=4724, stack(0x0000000025e10000,0x0000000025f10000)]
  0x0000000022692800 JavaThread "Build operations Thread 13" [_thread_blocked, id=11932, stack(0x0000000025b10000,0x0000000025c10000)]
  0x0000000022694000 JavaThread "Build operations Thread 12" [_thread_blocked, id=11252, stack(0x0000000025a10000,0x0000000025b10000)]
  0x0000000022696000 JavaThread "Build operations Thread 11" [_thread_blocked, id=9316, stack(0x0000000025910000,0x0000000025a10000)]
  0x000000002268b000 JavaThread "Build operations Thread 10" [_thread_blocked, id=14396, stack(0x0000000025810000,0x0000000025910000)]
  0x0000000022691800 JavaThread "Build operations Thread 9" [_thread_blocked, id=13216, stack(0x0000000025710000,0x0000000025810000)]
  0x000000002268a000 JavaThread "Build operations Thread 8" [_thread_blocked, id=22760, stack(0x0000000025610000,0x0000000025710000)]
  0x0000000022691000 JavaThread "Build operations Thread 7" [_thread_blocked, id=11344, stack(0x0000000025510000,0x0000000025610000)]
  0x0000000022689800 JavaThread "Build operations Thread 6" [_thread_blocked, id=14676, stack(0x0000000025410000,0x0000000025510000)]
  0x000000002268c800 JavaThread "Build operations Thread 5" [_thread_blocked, id=22836, stack(0x0000000025310000,0x0000000025410000)]
  0x000000002268f800 JavaThread "Build operations Thread 4" [_thread_blocked, id=15644, stack(0x0000000025210000,0x0000000025310000)]
  0x0000000022690000 JavaThread "Build operations Thread 3" [_thread_blocked, id=4708, stack(0x0000000025110000,0x0000000025210000)]
  0x000000002268b800 JavaThread "Build operations Thread 2" [_thread_blocked, id=12104, stack(0x0000000024e10000,0x0000000024f10000)]
  0x000000002268e800 JavaThread "Build operations" [_thread_blocked, id=24884, stack(0x0000000022dc0000,0x0000000022ec0000)]
  0x000000002268d000 JavaThread "Cache worker for cache directory md-rule (C:\Users\mayif\.gradle\caches\5.4.1\md-rule)" [_thread_blocked, id=22900, stack(0x0000000021ce0000,0x0000000021de0000)]
  0x000000001dc97800 JavaThread "Cache worker for cache directory md-supplier (C:\Users\mayif\.gradle\caches\5.4.1\md-supplier)" [_thread_blocked, id=23384, stack(0x00000000215e0000,0x00000000216e0000)]
  0x000000001dc96000 JavaThread "Cache worker for file hash cache (C:\Users\mayif\AndroidStudioProjects\StudyTimer\.gradle\5.4.1\fileHashes)" [_thread_blocked, id=15256, stack(0x000000001ec40000,0x000000001ed40000)]
  0x000000001dc93800 JavaThread "Thread-1108" [_thread_blocked, id=5692, stack(0x000000001eb40000,0x000000001ec40000)]
  0x000000001dc94800 JavaThread "Stdin handler" [_thread_blocked, id=25492, stack(0x000000001ea40000,0x000000001eb40000)]
  0x000000001dc91800 JavaThread "Asynchronous log dispatcher for DefaultDaemonConnection: socket connection from /127.0.0.1:53277 to /127.0.0.1:54951" [_thread_blocked, id=17520, stack(0x000000001e740000,0x000000001e840000)]
  0x000000001dc96800 JavaThread "Cancel handler" [_thread_blocked, id=24644, stack(0x00000000011a0000,0x00000000012a0000)]
  0x000000001dc93000 JavaThread "Handler for socket connection from /127.0.0.1:53277 to /127.0.0.1:54951" [_thread_in_native, id=7588, stack(0x00000000010a0000,0x00000000011a0000)]
  0x000000002d762000 JavaThread "Daemon worker Thread 15" [_thread_blocked, id=11176, stack(0x000000001e640000,0x000000001e740000)]
  0x000000002d766800 JavaThread "Daemon Thread 15" [_thread_blocked, id=23104, stack(0x0000000000f30000,0x0000000001030000)]
  0x000000002e0ea800 JavaThread "Cache worker for Java compile cache (C:\Users\mayif\.gradle\caches\5.4.1\javaCompile)" [_thread_blocked, id=10336, stack(0x0000000031950000,0x0000000031a50000)]
  0x0000000027d0e800 JavaThread "MarlinRenderer Disposer" daemon [_thread_blocked, id=23036, stack(0x0000000030130000,0x0000000030230000)]
  0x0000000027d0b800 JavaThread "Java2D Disposer" daemon [_thread_blocked, id=12328, stack(0x0000000030030000,0x0000000030130000)]
  0x000000001dc8e800 JavaThread "Cache worker for file content cache (C:\Users\mayif\.gradle\caches\5.4.1\fileContent)" [_thread_blocked, id=21768, stack(0x0000000028590000,0x0000000028690000)]
  0x000000001d92f000 JavaThread "Memory manager" [_thread_blocked, id=15988, stack(0x0000000026410000,0x0000000026510000)]
  0x000000001dc8b800 JavaThread "Cache worker for execution history cache (C:\Users\mayif\.gradle\caches\5.4.1\executionHistory)" [_thread_blocked, id=8900, stack(0x0000000024320000,0x0000000024420000)]
  0x000000001c21b000 JavaThread "Cache worker for journal cache (C:\Users\mayif\.gradle\caches\journal-1)" [_thread_blocked, id=22916, stack(0x000000001f140000,0x000000001f240000)]
  0x000000001c21a800 JavaThread "File lock request listener" [_thread_in_native, id=19960, stack(0x000000001f040000,0x000000001f140000)]
  0x000000001c220800 JavaThread "Cache worker for file hash cache (C:\Users\mayif\.gradle\caches\5.4.1\fileHashes)" [_thread_blocked, id=14752, stack(0x000000001ef40000,0x000000001f040000)]
  0x000000001cbf8000 JavaThread "Daemon periodic checks" [_thread_blocked, id=13764, stack(0x000000001e540000,0x000000001e640000)]
  0x000000001cbf5800 JavaThread "Incoming local TCP Connector on port 53277" [_thread_in_native, id=20584, stack(0x000000001e440000,0x000000001e540000)]
  0x000000001cb32000 JavaThread "Daemon health stats" [_thread_blocked, id=17272, stack(0x000000001b580000,0x000000001b680000)]
  0x0000000018d10800 JavaThread "Service Thread" daemon [_thread_blocked, id=23012, stack(0x000000001b380000,0x000000001b480000)]
  0x0000000018cec000 JavaThread "C1 CompilerThread11" daemon [_thread_blocked, id=1660, stack(0x000000001b280000,0x000000001b380000)]
  0x0000000018ccb000 JavaThread "C1 CompilerThread10" daemon [_thread_blocked, id=18692, stack(0x000000001b180000,0x000000001b280000)]
  0x0000000018cb5800 JavaThread "C1 CompilerThread9" daemon [_thread_blocked, id=14924, stack(0x000000001b080000,0x000000001b180000)]
  0x0000000018ca1800 JavaThread "C1 CompilerThread8" daemon [_thread_blocked, id=9584, stack(0x000000001af80000,0x000000001b080000)]
  0x0000000018c96000 JavaThread "C2 CompilerThread7" daemon [_thread_blocked, id=2944, stack(0x000000001ae80000,0x000000001af80000)]
  0x0000000018c75800 JavaThread "C2 CompilerThread6" daemon [_thread_blocked, id=3680, stack(0x000000001ad80000,0x000000001ae80000)]
  0x0000000018c74800 JavaThread "C2 CompilerThread5" daemon [_thread_blocked, id=24664, stack(0x000000001ac80000,0x000000001ad80000)]
  0x0000000018c46000 JavaThread "C2 CompilerThread4" daemon [_thread_blocked, id=22792, stack(0x000000001ab80000,0x000000001ac80000)]
  0x0000000018c35000 JavaThread "C2 CompilerThread3" daemon [_thread_blocked, id=20368, stack(0x000000001aa80000,0x000000001ab80000)]
  0x0000000018c31800 JavaThread "C2 CompilerThread2" daemon [_thread_blocked, id=22264, stack(0x000000001a980000,0x000000001aa80000)]
  0x0000000018c2d800 JavaThread "C2 CompilerThread1" daemon [_thread_blocked, id=8600, stack(0x000000001a880000,0x000000001a980000)]
  0x0000000018c2a800 JavaThread "C2 CompilerThread0" daemon [_thread_blocked, id=12304, stack(0x000000001a780000,0x000000001a880000)]
  0x0000000018c2a000 JavaThread "Attach Listener" daemon [_thread_blocked, id=3748, stack(0x000000001a680000,0x000000001a780000)]
  0x0000000018c27800 JavaThread "Signal Dispatcher" daemon [_thread_blocked, id=24772, stack(0x000000001a580000,0x000000001a680000)]
  0x00000000171b4000 JavaThread "Finalizer" daemon [_thread_blocked, id=25396, stack(0x000000001a480000,0x000000001a580000)]
  0x0000000018c16000 JavaThread "Reference Handler" daemon [_thread_blocked, id=10716, stack(0x000000001a380000,0x000000001a480000)]
  0x0000000002dee800 JavaThread "main" [_thread_blocked, id=3916, stack(0x0000000002c70000,0x0000000002d70000)]

Other Threads:
  0x0000000018bf4000 VMThread [stack: 0x000000001a280000,0x000000001a380000] [id=2120]
  0x0000000018d11800 WatcherThread [stack: 0x000000001b480000,0x000000001b580000] [id=22964]

=>0x0000000002e13800 (exited) GCTaskThread [stack: 0x0000000012dc0000,0x0000000012ec0000] [id=7052]

VM state:at safepoint (normal execution)

VM Mutex/Monitor currently owned by a thread:  ([mutex/lock_event])
[0x0000000002ded5a0] Threads_lock - owner thread: 0x0000000018bf4000
[0x0000000002decda0] Heap_lock - owner thread: 0x000000002d768000

heap address: 0x00000000a0000000, size: 1536 MB, Compressed Oops mode: 32-bit
Narrow klass base: 0x0000000000000000, Narrow klass shift: 3
Compressed class space size: 1073741824 Address: 0x0000000100000000

Heap:
 PSYoungGen      total 482304K, used 466863K [0x00000000e0000000, 0x00000000ffc80000, 0x0000000100000000)
  eden space 445440K, 100% used [0x00000000e0000000,0x00000000fb300000,0x00000000fb300000)
  from space 36864K, 58% used [0x00000000fb300000,0x00000000fc7ebc30,0x00000000fd700000)
  to   space 35328K, 64% used [0x00000000fda00000,0x00000000ff01bfb8,0x00000000ffc80000)
 ParOldGen       total 701952K, used 54200K [0x00000000a0000000, 0x00000000cad80000, 0x00000000e0000000)
  object space 701952K, 7% used [0x00000000a0000000,0x00000000a34ee380,0x00000000cad80000)
 Metaspace       used 107579K, capacity 114960K, committed 115020K, reserved 1148928K
  class space    used 13437K, capacity 14706K, committed 14720K, reserved 1048576K

Card table byte_map: [0x00000000122b0000,0x00000000125c0000] byte_map_base: 0x0000000011db0000

Marking Bits: (ParMarkBitMap*) 0x0000000063fb9f30
 Begin Bits: [0x00000000134c0000, 0x0000000014cc0000)
 End Bits:   [0x0000000014cc0000, 0x00000000164c0000)

Polling page: 0x0000000000d50000

CodeCache: size=245760Kb used=89965Kb max_used=89984Kb free=155794Kb
 bounds [0x0000000002ef0000, 0x0000000008760000, 0x0000000011ef0000]
 total_blobs=25077 nmethods=24049 adapters=936
 compilation: enabled

Compilation events (10 events):
Event: 3394.337 Thread 0x0000000018c75800 32343       4       org.gradle.execution.plan.Node::isFailed (20 bytes)
Event: 3394.338 Thread 0x0000000018c75800 nmethod 32343 0x00000000087273d0 code [0x0000000008727520, 0x00000000087275b8]
Event: 3394.353 Thread 0x0000000018ccb000 32344       3       java.util.LinkedHashMap$LinkedKeySet::size (8 bytes)
Event: 3394.353 Thread 0x0000000018ccb000 nmethod 32344 0x0000000008733c10 code [0x0000000008733d60, 0x0000000008733eb0]
Event: 3394.356 Thread 0x0000000018cec000 32345       3       org.gradle.api.internal.tasks.compile.incremental.classpath.DefaultClasspathEntrySnapshotter$EntryVisitor::visitDir (1 bytes)
Event: 3394.356 Thread 0x0000000018cec000 nmethod 32345 0x00000000087338d0 code [0x0000000008733a20, 0x0000000008733b70]
Event: 3394.401 Thread 0x0000000018cb5800 32346       3       com.sun.tools.javac.parser.JavacParser::arguments (37 bytes)
Event: 3394.402 Thread 0x0000000018cb5800 nmethod 32346 0x0000000008727f90 code [0x0000000008728160, 0x0000000008728938]
Event: 3394.406 Thread 0x0000000018c2d800 32347       4       java.util.ComparableTimSort::mergeHi (729 bytes)
Event: 3394.421 Thread 0x0000000018c2d800 nmethod 32347 0x0000000008753e10 code [0x0000000008754000, 0x0000000008755eb8]

GC Heap History (10 events):
Event: 920.008 GC heap after
Heap after GC invocations=29 (full 4):
 PSYoungGen      total 476672K, used 20456K [0x00000000e0000000, 0x00000000ffb80000, 0x0000000100000000)
  eden space 434688K, 0% used [0x00000000e0000000,0x00000000e0000000,0x00000000fa880000)
  from space 41984K, 48% used [0x00000000fa880000,0x00000000fbc7a390,0x00000000fd180000)
  to   space 40448K, 0% used [0x00000000fd400000,0x00000000fd400000,0x00000000ffb80000)
 ParOldGen       total 701952K, used 54160K [0x00000000a0000000, 0x00000000cad80000, 0x00000000e0000000)
  object space 701952K, 7% used [0x00000000a0000000,0x00000000a34e4380,0x00000000cad80000)
 Metaspace       used 105243K, capacity 110940K, committed 111308K, reserved 1146880K
  class space    used 13145K, capacity 14220K, committed 14336K, reserved 1048576K
}
Event: 1151.982 GC heap before
{Heap before GC invocations=30 (full 4):
 PSYoungGen      total 476672K, used 455144K [0x00000000e0000000, 0x00000000ffb80000, 0x0000000100000000)
  eden space 434688K, 100% used [0x00000000e0000000,0x00000000fa880000,0x00000000fa880000)
  from space 41984K, 48% used [0x00000000fa880000,0x00000000fbc7a390,0x00000000fd180000)
  to   space 40448K, 0% used [0x00000000fd400000,0x00000000fd400000,0x00000000ffb80000)
 ParOldGen       total 701952K, used 54160K [0x00000000a0000000, 0x00000000cad80000, 0x00000000e0000000)
  object space 701952K, 7% used [0x00000000a0000000,0x00000000a34e4380,0x00000000cad80000)
 Metaspace       used 105578K, capacity 111302K, committed 111564K, reserved 1146880K
  class space    used 13155K, capacity 14237K, committed 14336K, reserved 1048576K
Event: 1151.988 GC heap after
Heap after GC invocations=30 (full 4):
 PSYoungGen      total 480768K, used 19700K [0x00000000e0000000, 0x00000000ffb80000, 0x0000000100000000)
  eden space 440320K, 0% used [0x00000000e0000000,0x00000000e0000000,0x00000000fae00000)
  from space 40448K, 48% used [0x00000000fd400000,0x00000000fe73d118,0x00000000ffb80000)
  to   space 38912K, 0% used [0x00000000fae00000,0x00000000fae00000,0x00000000fd400000)
 ParOldGen       total 701952K, used 54168K [0x00000000a0000000, 0x00000000cad80000, 0x00000000e0000000)
  object space 701952K, 7% used [0x00000000a0000000,0x00000000a34e6380,0x00000000cad80000)
 Metaspace       used 105578K, capacity 111302K, committed 111564K, reserved 1146880K
  class space    used 13155K, capacity 14237K, committed 14336K, reserved 1048576K
}
Event: 2031.644 GC heap before
{Heap before GC invocations=31 (full 4):
 PSYoungGen      total 480768K, used 460017K [0x00000000e0000000, 0x00000000ffb80000, 0x0000000100000000)
  eden space 440320K, 99% used [0x00000000e0000000,0x00000000fadff390,0x00000000fae00000)
  from space 40448K, 48% used [0x00000000fd400000,0x00000000fe73d118,0x00000000ffb80000)
  to   space 38912K, 0% used [0x00000000fae00000,0x00000000fae00000,0x00000000fd400000)
 ParOldGen       total 701952K, used 54168K [0x00000000a0000000, 0x00000000cad80000, 0x00000000e0000000)
  object space 701952K, 7% used [0x00000000a0000000,0x00000000a34e6380,0x00000000cad80000)
 Metaspace       used 106489K, capacity 113330K, committed 113612K, reserved 1148928K
  class space    used 13321K, capacity 14543K, committed 14592K, reserved 1048576K
Event: 2031.654 GC heap after
Heap after GC invocations=31 (full 4):
 PSYoungGen      total 479232K, used 19949K [0x00000000e0000000, 0x00000000ffb80000, 0x0000000100000000)
  eden space 440320K, 0% used [0x00000000e0000000,0x00000000e0000000,0x00000000fae00000)
  from space 38912K, 51% used [0x00000000fae00000,0x00000000fc17b498,0x00000000fd400000)
  to   space 37376K, 0% used [0x00000000fd700000,0x00000000fd700000,0x00000000ffb80000)
 ParOldGen       total 701952K, used 54176K [0x00000000a0000000, 0x00000000cad80000, 0x00000000e0000000)
  object space 701952K, 7% used [0x00000000a0000000,0x00000000a34e8380,0x00000000cad80000)
 Metaspace       used 106489K, capacity 113330K, committed 113612K, reserved 1148928K
  class space    used 13321K, capacity 14543K, committed 14592K, reserved 1048576K
}
Event: 2341.156 GC heap before
{Heap before GC invocations=32 (full 4):
 PSYoungGen      total 479232K, used 460269K [0x00000000e0000000, 0x00000000ffb80000, 0x0000000100000000)
  eden space 440320K, 100% used [0x00000000e0000000,0x00000000fae00000,0x00000000fae00000)
  from space 38912K, 51% used [0x00000000fae00000,0x00000000fc17b498,0x00000000fd400000)
  to   space 37376K, 0% used [0x00000000fd700000,0x00000000fd700000,0x00000000ffb80000)
 ParOldGen       total 701952K, used 54176K [0x00000000a0000000, 0x00000000cad80000, 0x00000000e0000000)
  object space 701952K, 7% used [0x00000000a0000000,0x00000000a34e8380,0x00000000cad80000)
 Metaspace       used 106929K, capacity 114276K, committed 114508K, reserved 1148928K
  class space    used 13395K, capacity 14678K, committed 14720K, reserved 1048576K
Event: 2341.164 GC heap after
Heap after GC invocations=32 (full 4):
 PSYoungGen      total 482816K, used 16282K [0x00000000e0000000, 0x00000000ffc80000, 0x0000000100000000)
  eden space 445440K, 0% used [0x00000000e0000000,0x00000000e0000000,0x00000000fb300000)
  from space 37376K, 43% used [0x00000000fd700000,0x00000000fe6e6bf0,0x00000000ffb80000)
  to   space 36864K, 0% used [0x00000000fb300000,0x00000000fb300000,0x00000000fd700000)
 ParOldGen       total 701952K, used 54184K [0x00000000a0000000, 0x00000000cad80000, 0x00000000e0000000)
  object space 701952K, 7% used [0x00000000a0000000,0x00000000a34ea380,0x00000000cad80000)
 Metaspace       used 106929K, capacity 114276K, committed 114508K, reserved 1148928K
  class space    used 13395K, capacity 14678K, committed 14720K, reserved 1048576K
}
Event: 3227.604 GC heap before
{Heap before GC invocations=33 (full 4):
 PSYoungGen      total 482816K, used 461021K [0x00000000e0000000, 0x00000000ffc80000, 0x0000000100000000)
  eden space 445440K, 99% used [0x00000000e0000000,0x00000000fb250be8,0x00000000fb300000)
  from space 37376K, 43% used [0x00000000fd700000,0x00000000fe6e6bf0,0x00000000ffb80000)
  to   space 36864K, 0% used [0x00000000fb300000,0x00000000fb300000,0x00000000fd700000)
 ParOldGen       total 701952K, used 54184K [0x00000000a0000000, 0x00000000cad80000, 0x00000000e0000000)
  object space 701952K, 7% used [0x00000000a0000000,0x00000000a34ea380,0x00000000cad80000)
 Metaspace       used 107373K, capacity 114744K, committed 114764K, reserved 1148928K
  class space    used 13432K, capacity 14702K, committed 14720K, reserved 1048576K
Event: 3227.614 GC heap after
Heap after GC invocations=33 (full 4):
 PSYoungGen      total 482304K, used 21423K [0x00000000e0000000, 0x00000000ffc80000, 0x0000000100000000)
  eden space 445440K, 0% used [0x00000000e0000000,0x00000000e0000000,0x00000000fb300000)
  from space 36864K, 58% used [0x00000000fb300000,0x00000000fc7ebc30,0x00000000fd700000)
  to   space 35328K, 0% used [0x00000000fda00000,0x00000000fda00000,0x00000000ffc80000)
 ParOldGen       total 701952K, used 54192K [0x00000000a0000000, 0x00000000cad80000, 0x00000000e0000000)
  object space 701952K, 7% used [0x00000000a0000000,0x00000000a34ec380,0x00000000cad80000)
 Metaspace       used 107373K, capacity 114744K, committed 114764K, reserved 1148928K
  class space    used 13432K, capacity 14702K, committed 14720K, reserved 1048576K
}
Event: 3394.447 GC heap before
{Heap before GC invocations=34 (full 4):
 PSYoungGen      total 482304K, used 466863K [0x00000000e0000000, 0x00000000ffc80000, 0x0000000100000000)
  eden space 445440K, 100% used [0x00000000e0000000,0x00000000fb300000,0x00000000fb300000)
  from space 36864K, 58% used [0x00000000fb300000,0x00000000fc7ebc30,0x00000000fd700000)
  to   space 35328K, 0% used [0x00000000fda00000,0x00000000fda00000,0x00000000ffc80000)
 ParOldGen       total 701952K, used 54192K [0x00000000a0000000, 0x00000000cad80000, 0x00000000e0000000)
  object space 701952K, 7% used [0x00000000a0000000,0x00000000a34ec380,0x00000000cad80000)
 Metaspace       used 107579K, capacity 114960K, committed 115020K, reserved 1148928K
  class space    used 13437K, capacity 14706K, committed 14720K, reserved 1048576K

Deoptimization events (10 events):
Event: 3356.289 Thread 0x0000000023f8b000 Uncommon trap: reason=bimorphic action=maybe_recompile pc=0x00000000049c9ca0 method=com.google.common.collect.Iterables.isEmpty(Ljava/lang/Iterable;)Z @ 23
Event: 3356.389 Thread 0x0000000023f8b000 Uncommon trap: reason=class_check action=maybe_recompile pc=0x0000000007d0fefc method=com.sun.tools.javac.code.Types$MembersClosureCache.visitClassType(Lcom/sun/tools/javac/code/Type$ClassType;Ljava/lang/Void;)Lcom/sun/tools/javac/code/Scope$CompoundScope
Event: 3356.427 Thread 0x0000000022694000 Uncommon trap: reason=array_check action=maybe_recompile pc=0x000000000591f27c method=java.util.LinkedList.toArray([Ljava/lang/Object;)[Ljava/lang/Object; @ 55
Event: 3356.427 Thread 0x0000000022694000 Uncommon trap: reason=array_check action=maybe_recompile pc=0x000000000591f27c method=java.util.LinkedList.toArray([Ljava/lang/Object;)[Ljava/lang/Object; @ 55
Event: 3356.427 Thread 0x0000000022694000 Uncommon trap: reason=array_check action=maybe_recompile pc=0x000000000591f27c method=java.util.LinkedList.toArray([Ljava/lang/Object;)[Ljava/lang/Object; @ 55
Event: 3356.427 Thread 0x0000000022694000 Uncommon trap: reason=array_check action=maybe_recompile pc=0x000000000591f27c method=java.util.LinkedList.toArray([Ljava/lang/Object;)[Ljava/lang/Object; @ 55
Event: 3356.428 Thread 0x0000000022694000 Uncommon trap: reason=class_check action=maybe_recompile pc=0x000000000751c504 method=com.google.common.collect.ImmutableMap.copyOf(Ljava/lang/Iterable;)Lcom/google/common/collect/ImmutableMap; @ 53
Event: 3394.368 Thread 0x000000002d768000 Uncommon trap: reason=bimorphic action=maybe_recompile pc=0x00000000049c9ca0 method=com.google.common.collect.Iterables.isEmpty(Ljava/lang/Iterable;)Z @ 23
Event: 3394.404 Thread 0x000000002d768000 Uncommon trap: reason=array_check action=maybe_recompile pc=0x0000000008645b20 method=java.util.ComparableTimSort.mergeHi(IIII)V @ 171
Event: 3394.406 Thread 0x000000002d768000 Uncommon trap: reason=array_check action=maybe_recompile pc=0x0000000008645b20 method=java.util.ComparableTimSort.mergeHi(IIII)V @ 171

Classes redefined (0 events):
No events

Internal exceptions (10 events):
Event: 3227.754 Thread 0x0000000023f82000 Exception <a 'sun/nio/fs/WindowsException'> (0x00000000e1e43ac8) thrown at [D:\src\AOSP-openjdk-cygwin\jdk8u\hotspot\src\share\vm\prims\jni.cpp, line 710]
Event: 3234.651 Thread 0x0000000023f82000 Exception <a 'sun/nio/fs/WindowsException'> (0x00000000e2cdd778) thrown at [D:\src\AOSP-openjdk-cygwin\jdk8u\hotspot\src\share\vm\prims\jni.cpp, line 710]
Event: 3234.986 Thread 0x0000000023f82000 Exception <a 'sun/nio/fs/WindowsException'> (0x00000000e6648960) thrown at [D:\src\AOSP-openjdk-cygwin\jdk8u\hotspot\src\share\vm\prims\jni.cpp, line 710]
Event: 3356.012 Thread 0x000000002d762000 Exception <a 'sun/nio/fs/WindowsException'> (0x00000000e7635088) thrown at [D:\src\AOSP-openjdk-cygwin\jdk8u\hotspot\src\share\vm\prims\jni.cpp, line 710]
Event: 3356.446 Thread 0x0000000027d11800 Exception <a 'sun/nio/fs/WindowsException'> (0x00000000ed625c50) thrown at [D:\src\AOSP-openjdk-cygwin\jdk8u\hotspot\src\share\vm\prims\jni.cpp, line 710]
Event: 3356.450 Thread 0x0000000027d11800 Exception <a 'sun/nio/fs/WindowsException'> (0x00000000ed7c8ce8) thrown at [D:\src\AOSP-openjdk-cygwin\jdk8u\hotspot\src\share\vm\prims\jni.cpp, line 710]
Event: 3356.507 Thread 0x0000000027d0c000 Exception <a 'sun/nio/fs/WindowsException'> (0x00000000edef1dc8) thrown at [D:\src\AOSP-openjdk-cygwin\jdk8u\hotspot\src\share\vm\prims\jni.cpp, line 710]
Event: 3356.677 Thread 0x0000000039781000 Exception <a 'sun/nio/fs/WindowsException'> (0x00000000f460a4e0) thrown at [D:\src\AOSP-openjdk-cygwin\jdk8u\hotspot\src\share\vm\prims\jni.cpp, line 710]
Event: 3356.768 Thread 0x000000002d762000 Exception <a 'sun/nio/fs/WindowsException'> (0x00000000f5ec4908) thrown at [D:\src\AOSP-openjdk-cygwin\jdk8u\hotspot\src\share\vm\prims\jni.cpp, line 710]
Event: 3394.082 Thread 0x000000002d762000 Exception <a 'sun/nio/fs/WindowsException'> (0x00000000f6df1200) thrown at [D:\src\AOSP-openjdk-cygwin\jdk8u\hotspot\src\share\vm\prims\jni.cpp, line 710]

Events (10 events):
Event: 3394.368 Thread 0x000000002d768000 Uncommon trap: trap_request=0xffffffc6 fr.pc=0x00000000049c9ca0
Event: 3394.368 Thread 0x000000002d768000 DEOPT PACKING pc=0x00000000049c9ca0 sp=0x000000002bb2bfd0
Event: 3394.368 Thread 0x000000002d768000 DEOPT UNPACKING pc=0x0000000002f3557b sp=0x000000002bb2bf88 mode 2
Event: 3394.404 Thread 0x000000002d768000 Uncommon trap: trap_request=0xffffffd6 fr.pc=0x0000000008645b20
Event: 3394.404 Thread 0x000000002d768000 DEOPT PACKING pc=0x0000000008645b20 sp=0x000000002bb2aae0
Event: 3394.404 Thread 0x000000002d768000 DEOPT UNPACKING pc=0x0000000002f3557b sp=0x000000002bb2aac8 mode 2
Event: 3394.406 Thread 0x000000002d768000 Uncommon trap: trap_request=0xffffffd6 fr.pc=0x0000000008645b20
Event: 3394.406 Thread 0x000000002d768000 DEOPT PACKING pc=0x0000000008645b20 sp=0x000000002bb2aae0
Event: 3394.406 Thread 0x000000002d768000 DEOPT UNPACKING pc=0x0000000002f3557b sp=0x000000002bb2aac8 mode 2
Event: 3394.447 Executing VM operation: ParallelGCFailedAllocation


Dynamic libraries:
0x00007ff75b290000 - 0x00007ff75b2c1000 	C:\Program Files\Android\Android Studio\jre\bin\java.exe
0x00007ff8af670000 - 0x00007ff8af865000 	C:\WINDOWS\SYSTEM32\ntdll.dll
0x00007ff8adfc0000 - 0x00007ff8ae07d000 	C:\WINDOWS\System32\KERNEL32.DLL
0x00007ff8acdb0000 - 0x00007ff8ad078000 	C:\WINDOWS\System32\KERNELBASE.dll
0x00007ff8ad6d0000 - 0x00007ff8ad77c000 	C:\WINDOWS\System32\ADVAPI32.dll
0x00007ff8ad810000 - 0x00007ff8ad8ae000 	C:\WINDOWS\System32\msvcrt.dll
0x00007ff8ae080000 - 0x00007ff8ae11b000 	C:\WINDOWS\System32\sechost.dll
0x00007ff8ad8b0000 - 0x00007ff8ad9db000 	C:\WINDOWS\System32\RPCRT4.dll
0x00007ff8ae390000 - 0x00007ff8ae530000 	C:\WINDOWS\System32\USER32.dll
0x00007ff8ad300000 - 0x00007ff8ad322000 	C:\WINDOWS\System32\win32u.dll
0x00007ff8adf80000 - 0x00007ff8adfaa000 	C:\WINDOWS\System32\GDI32.dll
0x00007ff8ad330000 - 0x00007ff8ad43b000 	C:\WINDOWS\System32\gdi32full.dll
0x00007ff8ad630000 - 0x00007ff8ad6cd000 	C:\WINDOWS\System32\msvcp_win.dll
0x00007ff8ad080000 - 0x00007ff8ad180000 	C:\WINDOWS\System32\ucrtbase.dll
0x00007ff89c200000 - 0x00007ff89c49a000 	C:\WINDOWS\WinSxS\amd64_microsoft.windows.common-controls_6595b64144ccf1df_6.0.19041.844_none_ca00b6081b84eb1d\COMCTL32.dll
0x00007ff8ad780000 - 0x00007ff8ad7b0000 	C:\WINDOWS\System32\IMM32.DLL
0x0000000064320000 - 0x00000000643f2000 	C:\Program Files\Android\Android Studio\jre\jre\bin\msvcr100.dll
0x00000000637f0000 - 0x0000000064036000 	C:\Program Files\Android\Android Studio\jre\jre\bin\server\jvm.dll
0x00007ff8addf0000 - 0x00007ff8addf8000 	C:\WINDOWS\System32\PSAPI.DLL
0x00007ff8a6b00000 - 0x00007ff8a6b0a000 	C:\WINDOWS\SYSTEM32\VERSION.dll
0x00007ff8a5330000 - 0x00007ff8a5357000 	C:\WINDOWS\SYSTEM32\WINMM.dll
0x00007ff894c70000 - 0x00007ff894c79000 	C:\WINDOWS\SYSTEM32\WSOCK32.dll
0x00007ff8ae6d0000 - 0x00007ff8ae73b000 	C:\WINDOWS\System32\WS2_32.dll
0x00007ff8a8b20000 - 0x00007ff8a8b2f000 	C:\Program Files\Android\Android Studio\jre\jre\bin\verify.dll
0x00007ff8a7b80000 - 0x00007ff8a7ba9000 	C:\Program Files\Android\Android Studio\jre\jre\bin\java.dll
0x00007ff8a47f0000 - 0x00007ff8a4806000 	C:\Program Files\Android\Android Studio\jre\jre\bin\zip.dll
0x00007ff8ae740000 - 0x00007ff8aee82000 	C:\WINDOWS\System32\SHELL32.dll
0x00007ff8aaf10000 - 0x00007ff8ab6a1000 	C:\WINDOWS\SYSTEM32\windows.storage.dll
0x00007ff8ad9e0000 - 0x00007ff8add35000 	C:\WINDOWS\System32\combase.dll
0x00007ff8ac820000 - 0x00007ff8ac84c000 	C:\WINDOWS\SYSTEM32\Wldp.dll
0x00007ff8add40000 - 0x00007ff8addee000 	C:\WINDOWS\System32\SHCORE.dll
0x00007ff8ae530000 - 0x00007ff8ae585000 	C:\WINDOWS\System32\shlwapi.dll
0x00007ff8accf0000 - 0x00007ff8acd0f000 	C:\WINDOWS\SYSTEM32\profapi.dll
0x00007ff8a2ec0000 - 0x00007ff8a2eda000 	C:\Program Files\Android\Android Studio\jre\jre\bin\net.dll
0x00007ff8ac590000 - 0x00007ff8ac5fa000 	C:\WINDOWS\system32\mswsock.dll
0x00007ff8a2c80000 - 0x00007ff8a2c91000 	C:\Program Files\Android\Android Studio\jre\jre\bin\nio.dll
0x00007ff89bd30000 - 0x00007ff89bd56000 	C:\Users\mayif\.gradle\native\29\windows-amd64\native-platform.dll
0x00007ff8a47e0000 - 0x00007ff8a47ed000 	C:\Program Files\Android\Android Studio\jre\jre\bin\management.dll
0x00007ff8ac770000 - 0x00007ff8ac788000 	C:\WINDOWS\SYSTEM32\CRYPTSP.dll
0x00007ff8abec0000 - 0x00007ff8abef4000 	C:\WINDOWS\system32\rsaenh.dll
0x00007ff8ad440000 - 0x00007ff8ad467000 	C:\WINDOWS\System32\bcrypt.dll
0x00007ff8accb0000 - 0x00007ff8accde000 	C:\WINDOWS\SYSTEM32\USERENV.dll
0x00007ff8ad180000 - 0x00007ff8ad200000 	C:\WINDOWS\System32\bcryptprimitives.dll
0x00007ff8ac760000 - 0x00007ff8ac76c000 	C:\WINDOWS\SYSTEM32\CRYPTBASE.dll
0x00007ff8ac230000 - 0x00007ff8ac26b000 	C:\WINDOWS\SYSTEM32\IPHLPAPI.DLL
0x00007ff8adfb0000 - 0x00007ff8adfb8000 	C:\WINDOWS\System32\NSI.dll
0x00007ff8a6be0000 - 0x00007ff8a6bf7000 	C:\WINDOWS\SYSTEM32\dhcpcsvc6.DLL
0x00007ff8a6df0000 - 0x00007ff8a6e0d000 	C:\WINDOWS\SYSTEM32\dhcpcsvc.DLL
0x00007ff8ac280000 - 0x00007ff8ac34c000 	C:\WINDOWS\SYSTEM32\DNSAPI.dll
0x00007ff8a2230000 - 0x00007ff8a2254000 	C:\Program Files\Android\Android Studio\jre\jre\bin\sunec.dll
0x00007ff8a28f0000 - 0x00007ff8a28fa000 	C:\Windows\System32\rasadhlp.dll
0x00007ff89bfc0000 - 0x00007ff89c03f000 	C:\WINDOWS\System32\fwpuclnt.dll
0x00007ff8a4580000 - 0x00007ff8a458b000 	C:\Program Files\Android\Android Studio\jre\jre\bin\sunmscapi.dll
0x00007ff8ad4d0000 - 0x00007ff8ad62f000 	C:\WINDOWS\System32\CRYPT32.dll
0x00007ff8726d0000 - 0x00007ff87286c000 	C:\Program Files\Android\Android Studio\jre\jre\bin\awt.dll
0x00007ff8af560000 - 0x00007ff8af62d000 	C:\WINDOWS\System32\OLEAUT32.dll
0x00007ff8aaa20000 - 0x00007ff8aaa4f000 	C:\WINDOWS\SYSTEM32\dwmapi.dll
0x00007ff8a94e0000 - 0x00007ff8a9aa0000 	C:\WINDOWS\SYSTEM32\d2d1.dll
0x00007ff8aa680000 - 0x00007ff8aa710000 	C:\WINDOWS\SYSTEM32\apphelp.dll
0x00007ff8aa830000 - 0x00007ff8aa8ce000 	C:\WINDOWS\system32\uxtheme.dll
0x00007ff898520000 - 0x00007ff898704000 	C:\WINDOWS\SYSTEM32\dbghelp.dll

VM Arguments:
jvm_args: -Xmx1536m -Dfile.encoding=windows-1252 -Duser.country=CN -Duser.language=zh -Duser.variant 
java_command: org.gradle.launcher.daemon.bootstrap.GradleDaemon 5.4.1
java_class_path (initial): C:\Users\mayif\.gradle\wrapper\dists\gradle-5.4.1-all\3221gyojl5jsh0helicew7rwx\gradle-5.4.1\lib\gradle-launcher-5.4.1.jar
Launcher Type: SUN_STANDARD

Environment Variables:
PATH=C:\Program Files (x86)\Java\jdk1.8.0_271\bin;C:\Program Files (x86)\Common Files\Oracle\Java\javapath;C:\Python38\Scripts\;C:\Python38\;C:\Windows\system32;C:\Windows;C:\Windows\System32\Wbem;C:\Windows\System32\WindowsPowerShell\v1.0\;C:\Windows\System32\OpenSSH\;C:\Program Files\NVIDIA Corporation\NVIDIA NvDLISR;C:\Program Files (x86)\NVIDIA Corporation\PhysX\Common;E:\prolog\swipl\bin;C:\Program Files\dotnet\;C:\ProgramData\chocolatey\bin;C:\Program Files\Git\cmd;C:\Program Files\nodejs\;;%SystemRoot%\system32;%SystemRoot%;%SystemRoot%\System32\Wbem;%SYSTEMROOT%\System32\WindowsPowerShell\v1.0\;%SYSTEMROOT%\System32\OpenSSH\;C:\Program Files (x86)\Java\jdk1.8.0_271\bin;C:\Users\mayif\AppData\Local\Microsoft\WindowsApps;C:\Users\mayif\AppData\Local\Programs\Microsoft VS Code\bin;C:\Users\mayif\.dotnet\tools;C:\Users\mayif\AppData\Local\GitHubDesktop\bin;C:\Users\mayif\AppData\Local\Programs\MiKTeX\miktex\bin\x64\;C:\Users\mayif\AppData\Roaming\npm;C:\Program Files\MongoDB\Server\4.4\bin;
USERNAME=mayif
OS=Windows_NT
PROCESSOR_IDENTIFIER=Intel64 Family 6 Model 158 Stepping 13, GenuineIntel



---------------  S Y S T E M  ---------------

OS: Windows 10.0 , 64 bit Build 19041 (10.0.19041.928)

CPU:total 16 (initial active 16) (8 cores per cpu, 2 threads per core) family 6 model 158 stepping 13, cmov, cx8, fxsr, mmx, sse, sse2, sse3, ssse3, sse4.1, sse4.2, popcnt, avx, avx2, aes, clmul, erms, 3dnowpref, lzcnt, ht, tsc, tscinvbit, bmi1, bmi2, adx

Memory: 4k page, physical 33467336k(20906056k free), swap 38448072k(21508376k free)

vm_info: OpenJDK 64-Bit Server VM (25.202-b03) for windows-amd64 JRE (1.8.0_202-release-1483-b03), built by "builder" with MS VC++ 10.0 (VS2010)

time: Mon Apr 26 22:40:33 2021
timezone: 
elapsed time: 3394 seconds (0d 0h 56m 34s)

